admin-photos-cuisine.html:268 Page chargée, chargement des photos...
admin-photos-cuisine.html:206 Chargement des photos...
admin-photos-cuisine.html:209 Photos reçues: (20) [{…}, {…}, {…}, {…}, {…}, {…}, {…}, {…}, {…}, {…}, {…}, {…}, {…}, {…}, {…}, {…}, {…}, {…}, {…}, {…}]
admin-photos-cuisine.html:217 Création élément pour: cuisine_1740467089432.webp https://t26k4175ebfke86p.public.blob.vercel-storage.com/cuisine/cuisine_1740467089432-APgfheg59sMDvv4S1xZsipzMiQGUiN.webp
admin-photos-cuisine.html:217 Création élément pour: cuisine_1740750209127.webp https://t26k4175ebfke86p.public.blob.vercel-storage.com/cuisine/cuisine_1740750209127-mOvqvSWFfnqSxgzgnZZoCeP9IEUlSs.webp
admin-photos-cuisine.html:217 Création élément pour: cuisine_1740897043667.webp https://t26k4175ebfke86p.public.blob.vercel-storage.com/cuisine/cuisine_1740897043667-8fcULEg6h13hx5cagOQWn6vXRF7BJJ.webp
admin-photos-cuisine.html:217 Création élément pour: cuisine_1740897045532.webp https://t26k4175ebfke86p.public.blob.vercel-storage.com/cuisine/cuisine_1740897045532-dJmFTW90A5ziDhatwR20wWCCJZj7t9.webp
admin-photos-cuisine.html:217 Création élément pour: cuisine_1740897046363.webp https://t26k4175ebfke86p.public.blob.vercel-storage.com/cuisine/cuisine_1740897046363-GXrsFNedvvIIorJ2syqS7a69Gt8Sbl.webp
admin-photos-cuisine.html:217 Création élément pour: cuisine_1740897047615.webp https://t26k4175ebfke86p.public.blob.vercel-storage.com/cuisine/cuisine_1740897047615-zFEnYCkQO4B2mSrgb7gRgwGWQ38to5.webp
admin-photos-cuisine.html:217 Création élément pour: cuisine_1740897049152.webp https://t26k4175ebfke86p.public.blob.vercel-storage.com/cuisine/cuisine_1740897049152-qY09gYUhQu96lZ0uTDQi8q3a2f5X1X.webp
admin-photos-cuisine.html:217 Création élément pour: cuisine_1740897050240.webp https://t26k4175ebfke86p.public.blob.vercel-storage.com/cuisine/cuisine_1740897050240-ilN1KInyKCL9w3JyuZQRtysIQESWIT.webp
admin-photos-cuisine.html:217 Création élément pour: cuisine_1740897051154.webp https://t26k4175ebfke86p.public.blob.vercel-storage.com/cuisine/cuisine_1740897051154-JwlAQe7lxyqAXOylYzO8EeR40pVuMa.webp
admin-photos-cuisine.html:217 Création élément pour: cuisine_1740897051996.webp https://t26k4175ebfke86p.public.blob.vercel-storage.com/cuisine/cuisine_1740897051996-XyGPIRKXBWbTKrVYya3CBGF8lV0ZnM.webp
admin-photos-cuisine.html:217 Création élément pour: cuisine_1740897053438.webp https://t26k4175ebfke86p.public.blob.vercel-storage.com/cuisine/cuisine_1740897053438-HaSGICUZx9sGMrLo3EXrafaEgU4LCg.webp
admin-photos-cuisine.html:217 Création élément pour: cuisine_1740897054341.webp https://t26k4175ebfke86p.public.blob.vercel-storage.com/cuisine/cuisine_1740897054341-jBUPF91yJ8HohS9hnHySqHv6t1ClHK.webp
admin-photos-cuisine.html:217 Création élément pour: cuisine_1741680634579.webp https://t26k4175ebfke86p.public.blob.vercel-storage.com/cuisine/cuisine_1741680634579-Lx7HoToztQSwGtthOWfrlrO7Oj3NlZ.webp
admin-photos-cuisine.html:217 Création élément pour: cuisine_1741680637363.webp https://t26k4175ebfke86p.public.blob.vercel-storage.com/cuisine/cuisine_1741680637363-yBj4Lml6d6hDrvVIkFmJbx6lXaRZvo.webp
admin-photos-cuisine.html:217 Création élément pour: cuisine_1741680640497.webp https://t26k4175ebfke86p.public.blob.vercel-storage.com/cuisine/cuisine_1741680640497-vqOsnAJmF0vuKpaUJx4tReXeuafYaP.webp
admin-photos-cuisine.html:217 Création élément pour: cuisine_1741680642978.webp https://t26k4175ebfke86p.public.blob.vercel-storage.com/cuisine/cuisine_1741680642978-qJPBiogsGmKDEyANTJp9r3YCyIGuvQ.webp
admin-photos-cuisine.html:217 Création élément pour: cuisine_1741680704718.webp https://t26k4175ebfke86p.public.blob.vercel-storage.com/cuisine/cuisine_1741680704718-vcG6uluUn5fWYyMKSMUBf2D12gyeZ0.webp
admin-photos-cuisine.html:217 Création élément pour: cuisine_1741680936581.webp https://t26k4175ebfke86p.public.blob.vercel-storage.com/cuisine/cuisine_1741680936581-7zNxF4XYqat47tbPuxNIv4C5dsMsD1.webp
admin-photos-cuisine.html:217 Création élément pour: cuisine_1741684647559.webp https://t26k4175ebfke86p.public.blob.vercel-storage.com/cuisine/cuisine_1741684647559-vSAdRV4Dlt2UZWKNqKBLGD6XMDGpqM.webp
admin-photos-cuisine.html:217 Création élément pour: cuisine_1741684732621.webp https://t26k4175ebfke86p.public.blob.vercel-storage.com/cuisine/cuisine_1741684732621-Sm9oa6sotqOv0sbACsBoZ7rjoCio5p.webp
admin-photos-cuisine.html:226 HTML généré, mise à jour de la grille
admin-photos-cuisine.html:228 Grille mise à jour
admin-photos-cuisine.html:1 [Violation] 'click' handler took 1238ms
admin-photos-cuisine.html:206 Chargement des photos...
admin-photos-cuisine.html:209 Photos reçues: (20) [{…}, {…}, {…}, {…}, {…}, {…}, {…}, {…}, {…}, {…}, {…}, {…}, {…}, {…}, {…}, {…}, {…}, {…}, {…}, {…}]
admin-photos-cuisine.html:217 Création élément pour: cuisine_1740467089432.webp https://t26k4175ebfke86p.public.blob.vercel-storage.com/cuisine/cuisine_1740467089432-APgfheg59sMDvv4S1xZsipzMiQGUiN.webp
admin-photos-cuisine.html:217 Création élément pour: cuisine_1740750209127.webp https://t26k4175ebfke86p.public.blob.vercel-storage.com/cuisine/cuisine_1740750209127-mOvqvSWFfnqSxgzgnZZoCeP9IEUlSs.webp
admin-photos-cuisine.html:217 Création élément pour: cuisine_1740897043667.webp https://t26k4175ebfke86p.public.blob.vercel-storage.com/cuisine/cuisine_1740897043667-8fcULEg6h13hx5cagOQWn6vXRF7BJJ.webp
admin-photos-cuisine.html:217 Création élément pour: cuisine_1740897045532.webp https://t26k4175ebfke86p.public.blob.vercel-storage.com/cuisine/cuisine_1740897045532-dJmFTW90A5ziDhatwR20wWCCJZj7t9.webp
admin-photos-cuisine.html:217 Création élément pour: cuisine_1740897046363.webp https://t26k4175ebfke86p.public.blob.vercel-storage.com/cuisine/cuisine_1740897046363-GXrsFNedvvIIorJ2syqS7a69Gt8Sbl.webp
admin-photos-cuisine.html:217 Création élément pour: cuisine_1740897047615.webp https://t26k4175ebfke86p.public.blob.vercel-storage.com/cuisine/cuisine_1740897047615-zFEnYCkQO4B2mSrgb7gRgwGWQ38to5.webp
admin-photos-cuisine.html:217 Création élément pour: cuisine_1740897049152.webp https://t26k4175ebfke86p.public.blob.vercel-storage.com/cuisine/cuisine_1740897049152-qY09gYUhQu96lZ0uTDQi8q3a2f5X1X.webp
admin-photos-cuisine.html:217 Création élément pour: cuisine_1740897050240.webp https://t26k4175ebfke86p.public.blob.vercel-storage.com/cuisine/cuisine_1740897050240-ilN1KInyKCL9w3JyuZQRtysIQESWIT.webp
admin-photos-cuisine.html:217 Création élément pour: cuisine_1740897051154.webp https://t26k4175ebfke86p.public.blob.vercel-storage.com/cuisine/cuisine_1740897051154-JwlAQe7lxyqAXOylYzO8EeR40pVuMa.webp
admin-photos-cuisine.html:217 Création élément pour: cuisine_1740897051996.webp https://t26k4175ebfke86p.public.blob.vercel-storage.com/cuisine/cuisine_1740897051996-XyGPIRKXBWbTKrVYya3CBGF8lV0ZnM.webp
admin-photos-cuisine.html:217 Création élément pour: cuisine_1740897053438.webp https://t26k4175ebfke86p.public.blob.vercel-storage.com/cuisine/cuisine_1740897053438-HaSGICUZx9sGMrLo3EXrafaEgU4LCg.webp
admin-photos-cuisine.html:217 Création élément pour: cuisine_1740897054341.webp https://t26k4175ebfke86p.public.blob.vercel-storage.com/cuisine/cuisine_1740897054341-jBUPF91yJ8HohS9hnHySqHv6t1ClHK.webp
admin-photos-cuisine.html:217 Création élément pour: cuisine_1741680634579.webp https://t26k4175ebfke86p.public.blob.vercel-storage.com/cuisine/cuisine_1741680634579-Lx7HoToztQSwGtthOWfrlrO7Oj3NlZ.webp
admin-photos-cuisine.html:217 Création élément pour: cuisine_1741680637363.webp https://t26k4175ebfke86p.public.blob.vercel-storage.com/cuisine/cuisine_1741680637363-yBj4Lml6d6hDrvVIkFmJbx6lXaRZvo.webp
admin-photos-cuisine.html:217 Création élément pour: cuisine_1741680640497.webp https://t26k4175ebfke86p.public.blob.vercel-storage.com/cuisine/cuisine_1741680640497-vqOsnAJmF0vuKpaUJx4tReXeuafYaP.webp
admin-photos-cuisine.html:217 Création élément pour: cuisine_1741680642978.webp https://t26k4175ebfke86p.public.blob.vercel-storage.com/cuisine/cuisine_1741680642978-qJPBiogsGmKDEyANTJp9r3YCyIGuvQ.webp
admin-photos-cuisine.html:217 Création élément pour: cuisine_1741680704718.webp https://t26k4175ebfke86p.public.blob.vercel-storage.com/cuisine/cuisine_1741680704718-vcG6uluUn5fWYyMKSMUBf2D12gyeZ0.webp
admin-photos-cuisine.html:217 Création élément pour: cuisine_1741680936581.webp https://t26k4175ebfke86p.public.blob.vercel-storage.com/cuisine/cuisine_1741680936581-7zNxF4XYqat47tbPuxNIv4C5dsMsD1.webp
admin-photos-cuisine.html:217 Création élément pour: cuisine_1741684647559.webp https://t26k4175ebfke86p.public.blob.vercel-storage.com/cuisine/cuisine_1741684647559-vSAdRV4Dlt2UZWKNqKBLGD6XMDGpqM.webp
admin-photos-cuisine.html:217 Création élément pour: cuisine_1741684732621.webp https://t26k4175ebfke86p.public.blob.vercel-storage.com/cuisine/cuisine_1741684732621-Sm9oa6sotqOv0sbACsBoZ7rjoCio5p.webp
admin-photos-cuisine.html:226 HTML généré, mise à jour de la grille
admin-photos-cuisine.html:228 Grille mise à jour
