admin-photos-direction.html:195 Script chargé !
admin-photos-direction.html:270 Page chargée, chargement des photos...
admin-photos-direction.html:208 Chargement des photos...
admin-photos-direction.html:211 Photos reçues: (10) [{…}, {…}, {…}, {…}, {…}, {…}, {…}, {…}, {…}, {…}]
admin-photos-direction.html:219 Création élément pour: direction_1740467173773.webp https://t26k4175ebfke86p.public.blob.vercel-storage.com/direction/direction_1740467173773-cWTrKGuiwDZXwixcOnCk2Hv4KuL6Nu.webp
admin-photos-direction.html:219 Création élément pour: direction_1740897517958.webp https://t26k4175ebfke86p.public.blob.vercel-storage.com/direction/direction_1740897517958-WB3ymr7PW9wax9y1NuWfOEyMYwQtuo.webp
admin-photos-direction.html:219 Création élément pour: direction_1740897518939.webp https://t26k4175ebfke86p.public.blob.vercel-storage.com/direction/direction_1740897518939-gyjkc8bVYFH5DJmoifErju0mli0G9o.webp
admin-photos-direction.html:219 Création élément pour: direction_1740897520021.webp https://t26k4175ebfke86p.public.blob.vercel-storage.com/direction/direction_1740897520021-HTbutI0RvdSInx40r2o8GM87ePZzSl.webp
admin-photos-direction.html:219 Création élément pour: direction_1740897520809.webp https://t26k4175ebfke86p.public.blob.vercel-storage.com/direction/direction_1740897520809-oUGYJW9Dk88bfz9IoxtgW8CbNZnO0V.webp
admin-photos-direction.html:219 Création élément pour: direction_1740897521344.webp https://t26k4175ebfke86p.public.blob.vercel-storage.com/direction/direction_1740897521344-GbfgbyYL8A0HsqDxQYicItY6hxDitS.webp
admin-photos-direction.html:219 Création élément pour: direction_1740897521992.webp https://t26k4175ebfke86p.public.blob.vercel-storage.com/direction/direction_1740897521992-BvtNxXyH9pXJJELbf3AnMjj4AJLv7T.webp
admin-photos-direction.html:219 Création élément pour: direction_1741684765721.webp https://t26k4175ebfke86p.public.blob.vercel-storage.com/direction/direction_1741684765721-9T0IIA8MYOo7fUCP5gZeo2admt1RgT.webp
admin-photos-direction.html:219 Création élément pour: direction_1741684961562.webp https://t26k4175ebfke86p.public.blob.vercel-storage.com/direction/direction_1741684961562-EIPaB98CzWCCvUMaqVEU7hwS5WtxqD.webp
admin-photos-direction.html:219 Création élément pour: direction_1741685041070.webp https://t26k4175ebfke86p.public.blob.vercel-storage.com/direction/direction_1741685041070-tpWENnjNsSl0v13dk4UwttTRwgztAf.webp
admin-photos-direction.html:228 HTML généré, mise à jour de la grille
admin-photos-direction.html:230 Grille mise à jour
admin-photos-direction.html:1 [Violation] 'click' handler took 1481ms
admin-photos-direction.html:208 Chargement des photos...
admin-photos-direction.html:211 Photos reçues: (10) [{…}, {…}, {…}, {…}, {…}, {…}, {…}, {…}, {…}, {…}]
admin-photos-direction.html:219 Création élément pour: direction_1740467173773.webp https://t26k4175ebfke86p.public.blob.vercel-storage.com/direction/direction_1740467173773-cWTrKGuiwDZXwixcOnCk2Hv4KuL6Nu.webp
admin-photos-direction.html:219 Création élément pour: direction_1740897517958.webp https://t26k4175ebfke86p.public.blob.vercel-storage.com/direction/direction_1740897517958-WB3ymr7PW9wax9y1NuWfOEyMYwQtuo.webp
admin-photos-direction.html:219 Création élément pour: direction_1740897518939.webp https://t26k4175ebfke86p.public.blob.vercel-storage.com/direction/direction_1740897518939-gyjkc8bVYFH5DJmoifErju0mli0G9o.webp
admin-photos-direction.html:219 Création élément pour: direction_1740897520021.webp https://t26k4175ebfke86p.public.blob.vercel-storage.com/direction/direction_1740897520021-HTbutI0RvdSInx40r2o8GM87ePZzSl.webp
admin-photos-direction.html:219 Création élément pour: direction_1740897520809.webp https://t26k4175ebfke86p.public.blob.vercel-storage.com/direction/direction_1740897520809-oUGYJW9Dk88bfz9IoxtgW8CbNZnO0V.webp
admin-photos-direction.html:219 Création élément pour: direction_1740897521344.webp https://t26k4175ebfke86p.public.blob.vercel-storage.com/direction/direction_1740897521344-GbfgbyYL8A0HsqDxQYicItY6hxDitS.webp
admin-photos-direction.html:219 Création élément pour: direction_1740897521992.webp https://t26k4175ebfke86p.public.blob.vercel-storage.com/direction/direction_1740897521992-BvtNxXyH9pXJJELbf3AnMjj4AJLv7T.webp
admin-photos-direction.html:219 Création élément pour: direction_1741684765721.webp https://t26k4175ebfke86p.public.blob.vercel-storage.com/direction/direction_1741684765721-9T0IIA8MYOo7fUCP5gZeo2admt1RgT.webp
admin-photos-direction.html:219 Création élément pour: direction_1741684961562.webp https://t26k4175ebfke86p.public.blob.vercel-storage.com/direction/direction_1741684961562-EIPaB98CzWCCvUMaqVEU7hwS5WtxqD.webp
admin-photos-direction.html:219 Création élément pour: direction_1741685041070.webp https://t26k4175ebfke86p.public.blob.vercel-storage.com/direction/direction_1741685041070-tpWENnjNsSl0v13dk4UwttTRwgztAf.webp
admin-photos-direction.html:228 HTML généré, mise à jour de la grille
admin-photos-direction.html:230 Grille mise à jour
