affichage-dynamique.html:672 Initialisation du diaporama...
affichage-dynamique.html:508 Vérification des configurations...
affichage-dynamique.html:692 Erreur lors de la mise à jour du bandeau: Error: Erreur lors de la récupération du message
    at HTMLDocument.updateTickerMessage (affichage-dynamique.html:683:23)
updateTickerMessage @ affichage-dynamique.html:692
affichage-dynamique.html:519 Nouvelle configuration détectée
affichage-dynamique.html:488 Erreur de chargement du bandeau: Error: Erreur de chargement du message
    at initNewsTicker (affichage-dynamique.html:471:23)
initNewsTicker @ affichage-dynamique.html:488
setInterval
(anonymous) @ affichage-dynamique.html:495
affichage-dynamique.html:488 Erreur de chargement du bandeau: Error: Erreur de chargement du message
    at initNewsTicker (affichage-dynamique.html:471:23)
initNewsTicker @ affichage-dynamique.html:488
setInterval
(anonymous) @ affichage-dynamique.html:495
affichage-dynamique.html:488 Erreur de chargement du bandeau: Error: Erreur de chargement du message
    at initNewsTicker (affichage-dynamique.html:471:23)
initNewsTicker @ affichage-dynamique.html:488
setInterval
(anonymous) @ affichage-dynamique.html:495
affichage-dynamique.html:488 Erreur de chargement du bandeau: Error: Erreur de chargement du message
    at initNewsTicker (affichage-dynamique.html:471:23)
initNewsTicker @ affichage-dynamique.html:488
setInterval
(anonymous) @ affichage-dynamique.html:495
affichage-dynamique.html:488 Erreur de chargement du bandeau: Error: Erreur de chargement du message
    at initNewsTicker (affichage-dynamique.html:471:23)
initNewsTicker @ affichage-dynamique.html:488
setInterval
(anonymous) @ affichage-dynamique.html:495
affichage-dynamique.html:488 Erreur de chargement du bandeau: Error: Erreur de chargement du message
    at initNewsTicker (affichage-dynamique.html:471:23)
initNewsTicker @ affichage-dynamique.html:488
setInterval
(anonymous) @ affichage-dynamique.html:495
affichage-dynamique.html:692 Erreur lors de la mise à jour du bandeau: Error: Erreur lors de la récupération du message
    at updateTickerMessage (affichage-dynamique.html:683:23)
updateTickerMessage @ affichage-dynamique.html:692
setInterval
(anonymous) @ affichage-dynamique.html:697
affichage-dynamique.html:508 Vérification des configurations...
affichage-dynamique.html:544 Pas de changement dans la configuration
